{"level":"info","message":"Server is running on port 8080."}
{"level":"info","message":"Server is running on port 8080."}
{"level":"info","message":"Server is running on port 8080."}
info - Server is running on port 8080.
[info] - Server is running on port 8080.
[info] - Server is running on port 8080.
[info] - [object Object]
[info] - [object Object]
[info] - [object Object]
[info] - [object Object]
[info] - [object Object]
2024-01-07T16:45:47.870Z -[INFO] - Server is running on port 8080.
2024-01-07T16:52:50.900Z -[INFO] - Server is running on port 8080.
2024-01-07T16:52:53.558Z -[INFO] - [object Object]
2024-01-07T16:52:54.616Z -[INFO] - [object Object]
2024-05-13T17:32:17.590Z -[INFO] - Server is running on port 8081.
2024-05-13T17:33:49.189Z -[INFO] - Server is running on port 8081.
2024-05-13T17:34:07.922Z -[INFO] - Server is running on port 8081.
2024-05-13T17:46:50.865Z -[INFO] - Server is running on port 8081.
2024-05-13T17:47:24.154Z -[INFO] - Server is running on port 8081.
2024-05-13T17:47:27.118Z -[INFO] - Server is running on port 8081.
2024-05-13T17:48:38.453Z -[INFO] - Server is running on port 8081.
2024-05-13T17:48:52.707Z -[INFO] - Server is running on port 8081.
2024-05-13T17:49:08.274Z -[INFO] - Server is running on port 8081.
2024-05-13T17:49:40.247Z -[INFO] - Server is running on port 8081.
2024-05-13T17:56:51.522Z -[INFO] - Server is running on port 8081.
2024-05-13T18:00:38.207Z -[INFO] - Server is running on port 8081.
2024-05-13T18:04:40.438Z -[INFO] - Server is running on port 8081.
2024-05-13T18:10:22.091Z -[INFO] - Server is running on port 8081.
2024-05-13T18:11:04.604Z -[INFO] - Server is running on port 8081.
2024-05-13T18:14:14.350Z -[INFO] - Server is running on port 8081.
2024-05-13T18:14:32.179Z -[INFO] - Server is running on port 8081.
2024-05-13T18:14:33.056Z -[INFO] - Server is running on port 8081.
2024-05-13T18:16:46.751Z -[INFO] - Server is running on port 8081.
2024-05-13T18:26:05.333Z -[INFO] - Server is running on port 8081.
2024-05-13T18:32:21.222Z -[INFO] - Server is running on port 8081.
2024-05-13T18:33:01.511Z -[INFO] - Server is running on port 8081.
2024-05-13T18:33:10.874Z -[INFO] - Server is running on port 8081.
2024-05-13T18:33:25.135Z -[INFO] - Server is running on port 8081.
2024-05-13T18:34:51.128Z -[INFO] - Server is running on port 8081.
2024-05-13T18:35:02.257Z -[INFO] - Server is running on port 8081.
2024-05-13T18:35:17.007Z -[INFO] - Server is running on port 8081.
2024-05-13T18:35:24.796Z -[INFO] - Server is running on port 8081.
2024-05-13T18:35:42.966Z -[INFO] - Server is running on port 8081.
